<?xml version="1.0" encoding="UTF-8"?>
<coverage generated="1776695535847" clover="3.2.0">
  <project timestamp="1776695535848" name="All files">
    <metrics statements="40" coveredstatements="40" conditionals="12" coveredconditionals="12" methods="2" coveredmethods="2" elements="54" coveredelements="54" complexity="0" loc="40" ncloc="40" packages="1" files="1" classes="1"/>
    <file name="slugify.ts" path="/Users/admin/Learning/front-end/testing/practical-testing/apps/002-unit-test-slugify/src/slugify.ts">
      <metrics statements="40" coveredstatements="40" conditionals="12" coveredconditionals="12" methods="2" coveredmethods="2"/>
      <line num="1" count="1" type="stmt"/>
      <line num="2" count="1" type="cond" truecount="1" falsecount="0"/>
      <line num="3" count="2" type="stmt"/>
      <line num="4" count="2" type="stmt"/>
      <line num="5" count="2" type="stmt"/>
      <line num="6" count="1" type="stmt"/>
      <line num="31" count="1" type="cond" truecount="1" falsecount="0"/>
      <line num="32" count="22" type="cond" truecount="1" falsecount="0"/>
      <line num="33" count="1" type="stmt"/>
      <line num="34" count="1" type="cond" truecount="1" falsecount="0"/>
      <line num="36" count="22" type="cond" truecount="1" falsecount="0"/>
      <line num="37" count="1" type="stmt"/>
      <line num="38" count="1" type="cond" truecount="1" falsecount="0"/>
      <line num="40" count="20" type="stmt"/>
      <line num="43" count="20" type="stmt"/>
      <line num="44" count="20" type="stmt"/>
      <line num="45" count="20" type="stmt"/>
      <line num="46" count="20" type="stmt"/>
      <line num="47" count="20" type="stmt"/>
      <line num="48" count="20" type="stmt"/>
      <line num="49" count="20" type="stmt"/>
      <line num="50" count="20" type="stmt"/>
      <line num="51" count="20" type="stmt"/>
      <line num="52" count="20" type="stmt"/>
      <line num="54" count="22" type="cond" truecount="2" falsecount="0"/>
      <line num="57" count="22" type="stmt"/>
      <line num="60" count="22" type="stmt"/>
      <line num="61" count="22" type="stmt"/>
      <line num="62" count="22" type="stmt"/>
      <line num="63" count="22" type="stmt"/>
      <line num="65" count="22" type="cond" truecount="2" falsecount="0"/>
      <line num="66" count="18" type="stmt"/>
      <line num="67" count="18" type="cond" truecount="1" falsecount="0"/>
      <line num="70" count="2" type="stmt"/>
      <line num="71" count="2" type="stmt"/>
      <line num="73" count="22" type="cond" truecount="1" falsecount="0"/>
      <line num="75" count="1" type="stmt"/>
      <line num="76" count="1" type="stmt"/>
      <line num="78" count="1" type="stmt"/>
      <line num="79" count="1" type="stmt"/>
    </file>
  </project>
</coverage>
