{"/Users/admin/Learning/front-end/testing/practical-testing/apps/002-unit-test-slugify/src/slugify.ts": {"path":"/Users/admin/Learning/front-end/testing/practical-testing/apps/002-unit-test-slugify/src/slugify.ts","all":false,"statementMap":{"0":{"start":{"line":1,"column":0},"end":{"line":1,"column":46}},"1":{"start":{"line":2,"column":0},"end":{"line":2,"column":32}},"2":{"start":{"line":3,"column":0},"end":{"line":3,"column":19}},"3":{"start":{"line":4,"column":0},"end":{"line":4,"column":36}},"4":{"start":{"line":5,"column":0},"end":{"line":5,"column":3}},"5":{"start":{"line":6,"column":0},"end":{"line":6,"column":1}},"30":{"start":{"line":31,"column":0},"end":{"line":31,"column":78}},"31":{"start":{"line":32,"column":0},"end":{"line":32,"column":34}},"32":{"start":{"line":33,"column":0},"end":{"line":33,"column":58}},"33":{"start":{"line":34,"column":0},"end":{"line":34,"column":3}},"35":{"start":{"line":36,"column":0},"end":{"line":36,"column":34}},"36":{"start":{"line":37,"column":0},"end":{"line":37,"column":78}},"37":{"start":{"line":38,"column":0},"end":{"line":38,"column":3}},"39":{"start":{"line":40,"column":0},"end":{"line":40,"column":71}},"42":{"start":{"line":43,"column":0},"end":{"line":43,"column":30}},"43":{"start":{"line":44,"column":0},"end":{"line":44,"column":21}},"44":{"start":{"line":45,"column":0},"end":{"line":45,"column":36}},"45":{"start":{"line":46,"column":0},"end":{"line":46,"column":26}},"46":{"start":{"line":47,"column":0},"end":{"line":47,"column":27}},"47":{"start":{"line":48,"column":0},"end":{"line":48,"column":27}},"48":{"start":{"line":49,"column":0},"end":{"line":49,"column":26}},"49":{"start":{"line":50,"column":0},"end":{"line":50,"column":26}},"50":{"start":{"line":51,"column":0},"end":{"line":51,"column":27}},"51":{"start":{"line":52,"column":0},"end":{"line":52,"column":27}},"53":{"start":{"line":54,"column":0},"end":{"line":54,"column":77}},"56":{"start":{"line":57,"column":0},"end":{"line":57,"column":70}},"59":{"start":{"line":60,"column":0},"end":{"line":60,"column":25}},"60":{"start":{"line":61,"column":0},"end":{"line":61,"column":41}},"61":{"start":{"line":62,"column":0},"end":{"line":62,"column":68}},"62":{"start":{"line":63,"column":0},"end":{"line":63,"column":62}},"64":{"start":{"line":65,"column":0},"end":{"line":65,"column":52}},"65":{"start":{"line":66,"column":0},"end":{"line":66,"column":21}},"66":{"start":{"line":67,"column":0},"end":{"line":67,"column":3}},"69":{"start":{"line":70,"column":0},"end":{"line":70,"column":50}},"70":{"start":{"line":71,"column":0},"end":{"line":71,"column":51}},"72":{"start":{"line":73,"column":0},"end":{"line":73,"column":21}},"74":{"start":{"line":75,"column":0},"end":{"line":75,"column":21}},"75":{"start":{"line":76,"column":0},"end":{"line":76,"column":3}},"77":{"start":{"line":78,"column":0},"end":{"line":78,"column":37}},"78":{"start":{"line":79,"column":0},"end":{"line":79,"column":1}}},"s":{"0":1,"1":1,"2":2,"3":2,"4":2,"5":1,"30":1,"31":22,"32":1,"33":1,"35":22,"36":1,"37":1,"39":20,"42":20,"43":20,"44":20,"45":20,"46":20,"47":20,"48":20,"49":20,"50":20,"51":20,"53":22,"56":22,"59":22,"60":22,"61":22,"62":22,"64":22,"65":18,"66":18,"69":2,"70":2,"72":22,"74":1,"75":1,"77":1,"78":1},"branchMap":{"0":{"type":"branch","line":2,"loc":{"start":{"line":2,"column":2},"end":{"line":5,"column":3}},"locations":[{"start":{"line":2,"column":2},"end":{"line":5,"column":3}}]},"1":{"type":"branch","line":31,"loc":{"start":{"line":31,"column":7},"end":{"line":79,"column":1}},"locations":[{"start":{"line":31,"column":7},"end":{"line":79,"column":1}}]},"2":{"type":"branch","line":32,"loc":{"start":{"line":32,"column":33},"end":{"line":34,"column":3}},"locations":[{"start":{"line":32,"column":33},"end":{"line":34,"column":3}}]},"3":{"type":"branch","line":34,"loc":{"start":{"line":34,"column":2},"end":{"line":36,"column":33}},"locations":[{"start":{"line":34,"column":2},"end":{"line":36,"column":33}}]},"4":{"type":"branch","line":36,"loc":{"start":{"line":36,"column":33},"end":{"line":38,"column":3}},"locations":[{"start":{"line":36,"column":33},"end":{"line":38,"column":3}}]},"5":{"type":"branch","line":38,"loc":{"start":{"line":38,"column":2},"end":{"line":54,"column":31}},"locations":[{"start":{"line":38,"column":2},"end":{"line":54,"column":31}}]},"6":{"type":"branch","line":54,"loc":{"start":{"line":54,"column":16},"end":{"line":54,"column":48}},"locations":[{"start":{"line":54,"column":16},"end":{"line":54,"column":48}}]},"7":{"type":"branch","line":54,"loc":{"start":{"line":54,"column":31},"end":{"line":54,"column":77}},"locations":[{"start":{"line":54,"column":31},"end":{"line":54,"column":77}}]},"8":{"type":"branch","line":65,"loc":{"start":{"line":65,"column":7},"end":{"line":65,"column":51}},"locations":[{"start":{"line":65,"column":7},"end":{"line":65,"column":51}}]},"9":{"type":"branch","line":65,"loc":{"start":{"line":65,"column":51},"end":{"line":67,"column":3}},"locations":[{"start":{"line":65,"column":51},"end":{"line":67,"column":3}}]},"10":{"type":"branch","line":67,"loc":{"start":{"line":67,"column":2},"end":{"line":73,"column":20}},"locations":[{"start":{"line":67,"column":2},"end":{"line":73,"column":20}}]},"11":{"type":"branch","line":73,"loc":{"start":{"line":73,"column":20},"end":{"line":79,"column":1}},"locations":[{"start":{"line":73,"column":20},"end":{"line":79,"column":1}}]}},"b":{"0":[2],"1":[22],"2":[1],"3":[21],"4":[1],"5":[20],"6":[1],"7":[19],"8":[2],"9":[18],"10":[2],"11":[1]},"fnMap":{"0":{"name":"InvalidInputError","decl":{"start":{"line":2,"column":2},"end":{"line":5,"column":3}},"loc":{"start":{"line":2,"column":2},"end":{"line":5,"column":3}},"line":2},"1":{"name":"slugify","decl":{"start":{"line":31,"column":7},"end":{"line":79,"column":1}},"loc":{"start":{"line":31,"column":7},"end":{"line":79,"column":1}},"line":31}},"f":{"0":2,"1":22}}
}
