{"/Users/admin/Learning/front-end/testing/practical-testing/apps/01-format-currency/src/format-currency.ts": {"path":"/Users/admin/Learning/front-end/testing/practical-testing/apps/01-format-currency/src/format-currency.ts","all":false,"statementMap":{"0":{"start":{"line":1,"column":0},"end":{"line":1,"column":47}},"1":{"start":{"line":2,"column":0},"end":{"line":2,"column":31}},"2":{"start":{"line":3,"column":0},"end":{"line":3,"column":65}},"3":{"start":{"line":4,"column":0},"end":{"line":4,"column":37}},"4":{"start":{"line":5,"column":0},"end":{"line":5,"column":3}},"5":{"start":{"line":6,"column":0},"end":{"line":6,"column":1}},"7":{"start":{"line":8,"column":0},"end":{"line":8,"column":49}},"8":{"start":{"line":9,"column":0},"end":{"line":9,"column":33}},"9":{"start":{"line":10,"column":0},"end":{"line":10,"column":50}},"10":{"start":{"line":11,"column":0},"end":{"line":11,"column":39}},"11":{"start":{"line":12,"column":0},"end":{"line":12,"column":3}},"12":{"start":{"line":13,"column":0},"end":{"line":13,"column":1}},"29":{"start":{"line":30,"column":0},"end":{"line":30,"column":51}},"30":{"start":{"line":31,"column":0},"end":{"line":31,"column":7}},"31":{"start":{"line":32,"column":0},"end":{"line":32,"column":68}},"32":{"start":{"line":33,"column":0},"end":{"line":33,"column":11}},"33":{"start":{"line":34,"column":0},"end":{"line":34,"column":45}},"34":{"start":{"line":35,"column":0},"end":{"line":35,"column":3}},"35":{"start":{"line":36,"column":0},"end":{"line":36,"column":1}},"47":{"start":{"line":48,"column":0},"end":{"line":48,"column":31}},"48":{"start":{"line":49,"column":0},"end":{"line":49,"column":17}},"49":{"start":{"line":50,"column":0},"end":{"line":50,"column":19}},"50":{"start":{"line":51,"column":0},"end":{"line":51,"column":30}},"51":{"start":{"line":52,"column":0},"end":{"line":52,"column":11}},"52":{"start":{"line":53,"column":0},"end":{"line":53,"column":33}},"53":{"start":{"line":54,"column":0},"end":{"line":54,"column":41}},"54":{"start":{"line":55,"column":0},"end":{"line":55,"column":3}},"56":{"start":{"line":57,"column":0},"end":{"line":57,"column":29}},"58":{"start":{"line":59,"column":0},"end":{"line":59,"column":9}},"59":{"start":{"line":60,"column":0},"end":{"line":60,"column":21}},"60":{"start":{"line":61,"column":0},"end":{"line":61,"column":22}},"61":{"start":{"line":62,"column":0},"end":{"line":62,"column":27}},"62":{"start":{"line":63,"column":0},"end":{"line":63,"column":26}},"63":{"start":{"line":64,"column":0},"end":{"line":64,"column":26}},"64":{"start":{"line":65,"column":0},"end":{"line":65,"column":16}},"65":{"start":{"line":66,"column":0},"end":{"line":66,"column":14}},"67":{"start":{"line":68,"column":0},"end":{"line":68,"column":50}},"68":{"start":{"line":69,"column":0},"end":{"line":69,"column":23}},"69":{"start":{"line":70,"column":0},"end":{"line":70,"column":3}},"71":{"start":{"line":72,"column":0},"end":{"line":72,"column":57}},"72":{"start":{"line":73,"column":0},"end":{"line":73,"column":47}},"73":{"start":{"line":74,"column":0},"end":{"line":74,"column":40}},"74":{"start":{"line":75,"column":0},"end":{"line":75,"column":78}},"75":{"start":{"line":76,"column":0},"end":{"line":76,"column":78}},"76":{"start":{"line":77,"column":0},"end":{"line":77,"column":4}},"78":{"start":{"line":79,"column":0},"end":{"line":79,"column":71}},"80":{"start":{"line":81,"column":0},"end":{"line":81,"column":37}},"81":{"start":{"line":82,"column":0},"end":{"line":82,"column":53}},"82":{"start":{"line":83,"column":0},"end":{"line":83,"column":3}},"84":{"start":{"line":85,"column":0},"end":{"line":85,"column":34}},"85":{"start":{"line":86,"column":0},"end":{"line":86,"column":1}}},"s":{"0":1,"1":1,"2":3,"3":3,"4":3,"5":1,"7":1,"8":1,"9":4,"10":4,"11":4,"12":1,"29":31,"30":31,"31":31,"32":31,"33":4,"34":4,"35":31,"47":1,"48":34,"49":34,"50":34,"51":34,"52":34,"53":3,"54":3,"56":31,"58":31,"59":31,"60":31,"61":31,"62":31,"63":31,"64":31,"65":31,"67":34,"68":1,"69":1,"71":26,"72":34,"73":34,"74":34,"75":34,"76":34,"78":34,"80":34,"81":1,"82":1,"84":24,"85":24},"branchMap":{"0":{"type":"branch","line":2,"loc":{"start":{"line":2,"column":2},"end":{"line":5,"column":3}},"locations":[{"start":{"line":2,"column":2},"end":{"line":5,"column":3}}]},"1":{"type":"branch","line":9,"loc":{"start":{"line":9,"column":2},"end":{"line":12,"column":3}},"locations":[{"start":{"line":9,"column":2},"end":{"line":12,"column":3}}]},"2":{"type":"branch","line":30,"loc":{"start":{"line":30,"column":0},"end":{"line":36,"column":1}},"locations":[{"start":{"line":30,"column":0},"end":{"line":36,"column":1}}]},"3":{"type":"branch","line":33,"loc":{"start":{"line":33,"column":2},"end":{"line":35,"column":3}},"locations":[{"start":{"line":33,"column":2},"end":{"line":35,"column":3}}]},"4":{"type":"branch","line":48,"loc":{"start":{"line":48,"column":7},"end":{"line":86,"column":1}},"locations":[{"start":{"line":48,"column":7},"end":{"line":86,"column":1}}]},"5":{"type":"branch","line":53,"loc":{"start":{"line":53,"column":32},"end":{"line":55,"column":3}},"locations":[{"start":{"line":53,"column":32},"end":{"line":55,"column":3}}]},"6":{"type":"branch","line":55,"loc":{"start":{"line":55,"column":2},"end":{"line":68,"column":35}},"locations":[{"start":{"line":55,"column":2},"end":{"line":68,"column":35}}]},"7":{"type":"branch","line":68,"loc":{"start":{"line":68,"column":22},"end":{"line":68,"column":49}},"locations":[{"start":{"line":68,"column":22},"end":{"line":68,"column":49}}]},"8":{"type":"branch","line":68,"loc":{"start":{"line":68,"column":49},"end":{"line":70,"column":3}},"locations":[{"start":{"line":68,"column":49},"end":{"line":70,"column":3}}]},"9":{"type":"branch","line":70,"loc":{"start":{"line":70,"column":2},"end":{"line":73,"column":24}},"locations":[{"start":{"line":70,"column":2},"end":{"line":73,"column":24}}]},"10":{"type":"branch","line":73,"loc":{"start":{"line":73,"column":11},"end":{"line":73,"column":37}},"locations":[{"start":{"line":73,"column":11},"end":{"line":73,"column":37}}]},"11":{"type":"branch","line":73,"loc":{"start":{"line":73,"column":24},"end":{"line":73,"column":47}},"locations":[{"start":{"line":73,"column":24},"end":{"line":73,"column":47}}]},"12":{"type":"branch","line":74,"loc":{"start":{"line":74,"column":8},"end":{"line":74,"column":36}},"locations":[{"start":{"line":74,"column":8},"end":{"line":74,"column":36}}]},"13":{"type":"branch","line":74,"loc":{"start":{"line":74,"column":32},"end":{"line":74,"column":40}},"locations":[{"start":{"line":74,"column":32},"end":{"line":74,"column":40}}]},"14":{"type":"branch","line":75,"loc":{"start":{"line":75,"column":34},"end":{"line":75,"column":74}},"locations":[{"start":{"line":75,"column":34},"end":{"line":75,"column":74}}]},"15":{"type":"branch","line":75,"loc":{"start":{"line":75,"column":70},"end":{"line":75,"column":78}},"locations":[{"start":{"line":75,"column":70},"end":{"line":75,"column":78}}]},"16":{"type":"branch","line":76,"loc":{"start":{"line":76,"column":34},"end":{"line":76,"column":74}},"locations":[{"start":{"line":76,"column":34},"end":{"line":76,"column":74}}]},"17":{"type":"branch","line":76,"loc":{"start":{"line":76,"column":70},"end":{"line":76,"column":78}},"locations":[{"start":{"line":76,"column":70},"end":{"line":76,"column":78}}]},"18":{"type":"branch","line":81,"loc":{"start":{"line":81,"column":6},"end":{"line":81,"column":36}},"locations":[{"start":{"line":81,"column":6},"end":{"line":81,"column":36}}]},"19":{"type":"branch","line":81,"loc":{"start":{"line":81,"column":36},"end":{"line":83,"column":3}},"locations":[{"start":{"line":81,"column":36},"end":{"line":83,"column":3}}]},"20":{"type":"branch","line":83,"loc":{"start":{"line":83,"column":2},"end":{"line":86,"column":1}},"locations":[{"start":{"line":83,"column":2},"end":{"line":86,"column":1}}]}},"b":{"0":[3],"1":[4],"2":[31],"3":[4],"4":[34],"5":[3],"6":[31],"7":[7],"8":[1],"9":[26],"10":[24],"11":[2],"12":[24],"13":[2],"14":[4],"15":[22],"16":[2],"17":[24],"18":[1],"19":[1],"20":[24]},"fnMap":{"0":{"name":"InvalidAmountError","decl":{"start":{"line":2,"column":2},"end":{"line":5,"column":3}},"loc":{"start":{"line":2,"column":2},"end":{"line":5,"column":3}},"line":2},"1":{"name":"InvalidCurrencyError","decl":{"start":{"line":9,"column":2},"end":{"line":12,"column":3}},"loc":{"start":{"line":9,"column":2},"end":{"line":12,"column":3}},"line":9},"2":{"name":"validateCurrency","decl":{"start":{"line":30,"column":0},"end":{"line":36,"column":1}},"loc":{"start":{"line":30,"column":0},"end":{"line":36,"column":1}},"line":30},"3":{"name":"formatCurrency","decl":{"start":{"line":48,"column":7},"end":{"line":86,"column":1}},"loc":{"start":{"line":48,"column":7},"end":{"line":86,"column":1}},"line":48}},"f":{"0":3,"1":4,"2":31,"3":34}}
}
