<?xml version="1.0" encoding="UTF-8"?>
<coverage generated="1776257760595" clover="3.2.0">
  <project timestamp="1776257760595" name="All files">
    <metrics statements="51" coveredstatements="51" conditionals="21" coveredconditionals="21" methods="4" coveredmethods="4" elements="76" coveredelements="76" complexity="0" loc="51" ncloc="51" packages="1" files="1" classes="1"/>
    <file name="format-currency.ts" path="/Users/admin/Learning/front-end/testing/practical-testing/apps/01-format-currency/src/format-currency.ts">
      <metrics statements="51" coveredstatements="51" conditionals="21" coveredconditionals="21" methods="4" coveredmethods="4"/>
      <line num="1" count="1" type="stmt"/>
      <line num="2" count="1" type="cond" truecount="1" falsecount="0"/>
      <line num="3" count="3" type="stmt"/>
      <line num="4" count="3" type="stmt"/>
      <line num="5" count="3" type="stmt"/>
      <line num="6" count="1" type="stmt"/>
      <line num="8" count="1" type="stmt"/>
      <line num="9" count="1" type="cond" truecount="1" falsecount="0"/>
      <line num="10" count="4" type="stmt"/>
      <line num="11" count="4" type="stmt"/>
      <line num="12" count="4" type="stmt"/>
      <line num="13" count="1" type="stmt"/>
      <line num="30" count="31" type="cond" truecount="1" falsecount="0"/>
      <line num="31" count="31" type="stmt"/>
      <line num="32" count="31" type="stmt"/>
      <line num="33" count="31" type="cond" truecount="1" falsecount="0"/>
      <line num="34" count="4" type="stmt"/>
      <line num="35" count="4" type="stmt"/>
      <line num="36" count="31" type="stmt"/>
      <line num="48" count="1" type="cond" truecount="1" falsecount="0"/>
      <line num="49" count="34" type="stmt"/>
      <line num="50" count="34" type="stmt"/>
      <line num="51" count="34" type="stmt"/>
      <line num="52" count="34" type="stmt"/>
      <line num="53" count="34" type="cond" truecount="1" falsecount="0"/>
      <line num="54" count="3" type="stmt"/>
      <line num="55" count="3" type="cond" truecount="1" falsecount="0"/>
      <line num="57" count="31" type="stmt"/>
      <line num="59" count="31" type="stmt"/>
      <line num="60" count="31" type="stmt"/>
      <line num="61" count="31" type="stmt"/>
      <line num="62" count="31" type="stmt"/>
      <line num="63" count="31" type="stmt"/>
      <line num="64" count="31" type="stmt"/>
      <line num="65" count="31" type="stmt"/>
      <line num="66" count="31" type="stmt"/>
      <line num="68" count="34" type="cond" truecount="2" falsecount="0"/>
      <line num="69" count="1" type="stmt"/>
      <line num="70" count="1" type="cond" truecount="1" falsecount="0"/>
      <line num="72" count="26" type="stmt"/>
      <line num="73" count="34" type="cond" truecount="2" falsecount="0"/>
      <line num="74" count="34" type="cond" truecount="2" falsecount="0"/>
      <line num="75" count="34" type="cond" truecount="2" falsecount="0"/>
      <line num="76" count="34" type="cond" truecount="2" falsecount="0"/>
      <line num="77" count="34" type="stmt"/>
      <line num="79" count="34" type="stmt"/>
      <line num="81" count="34" type="cond" truecount="2" falsecount="0"/>
      <line num="82" count="1" type="stmt"/>
      <line num="83" count="1" type="cond" truecount="1" falsecount="0"/>
      <line num="85" count="24" type="stmt"/>
      <line num="86" count="24" type="stmt"/>
    </file>
  </project>
</coverage>
